-------------------------------------------------------------------------------
Test set: com.example.libraryservice.PactConsumerTest
-------------------------------------------------------------------------------
Tests run: 4, Failures: 1, Errors: 3, Skipped: 0, Time elapsed: 2.536 s <<< FAILURE! - in com.example.libraryservice.PactConsumerTest
testAllProductsSum{MockServer}  Time elapsed: 0.034 s  <<< ERROR!
java.lang.NoSuchMethodError: 'java.lang.Object au.com.dius.pact.core.support.expressions.ExpressionParser.parseExpression$default(java.lang.String, au.com.dius.pact.core.support.expressions.DataType, au.com.dius.pact.core.support.expressions.ValueResolver, int, java.lang.Object)'

testByProductNameNotExist{MockServer}  Time elapsed: 0.008 s  <<< ERROR!
java.lang.NoSuchMethodError: 'java.lang.Object au.com.dius.pact.core.support.expressions.ExpressionParser.parseExpression$default(java.lang.String, au.com.dius.pact.core.support.expressions.DataType, au.com.dius.pact.core.support.expressions.ValueResolver, int, java.lang.Object)'

testByProductName{MockServer}  Time elapsed: 0.001 s  <<< ERROR!
java.lang.NoSuchMethodError: 'java.lang.Object au.com.dius.pact.core.support.expressions.ExpressionParser.parseExpression$default(java.lang.String, au.com.dius.pact.core.support.expressions.DataType, au.com.dius.pact.core.support.expressions.ValueResolver, int, java.lang.Object)'

com.example.libraryservice.PactConsumerTest  Time elapsed: 0.021 s  <<< FAILURE!
java.lang.AssertionError: 
The following methods annotated with @Pact were not executed during the test: PactConsumerTest.getCourseByNameNotExist, PactConsumerTest.getCourseByName, PactConsumerTest.PactallCoursesDetailsPriceCheck, PactConsumerTest.PactallCoursesDetailsConfig
If these are currently a work in progress, add a @Disabled annotation to the method


