<?xml version="1.0" encoding="UTF-8"?>
<testsuite xmlns:xsi="http://www.w3.org/2001/XMLSchema-instance" xsi:noNamespaceSchemaLocation="https://maven.apache.org/surefire/maven-surefire-plugin/xsd/surefire-test-report.xsd" name="com.example.libraryservice.PactVerificationTest" time="0.02" tests="1" errors="1" skipped="0" failures="0">
  <properties>
[...]
</properties>
  <testcase name="pactVerificationTestTemplate{PactVerificationContext}" classname="com.example.libraryservice.PactVerificationTest" time="0.02">
    <error message="You must register at least one TestTemplateInvocationContextProvider that supports @TestTemplate method [void com.example.libraryservice.PactVerificationTest.pactVerificationTestTemplate(au.com.dius.pact.provider.junit5.PactVerificationContext)]" type="org.junit.platform.commons.PreconditionViolationException">org.junit.platform.commons.PreconditionViolationException: You must register at least one TestTemplateInvocationContextProvider that supports @TestTemplate method [void com.example.libraryservice.PactVerificationTest.pactVerificationTestTemplate(au.com.dius.pact.provider.junit5.PactVerificationContext)]
</error>
    <system-out><![CDATA[2023-11-14 21:39:30.707  INFO 18679 --- [           main] .b.t.c.SpringBootTestContextBootstrapper : Neither @ContextConfiguration nor @ContextHierarchy found for test class [com.example.libraryservice.PactVerificationTest], using SpringBootContextLoader
2023-11-14 21:39:30.708  INFO 18679 --- [           main] o.s.t.c.support.AbstractContextLoader    : Could not detect default resource locations for test class [com.example.libraryservice.PactVerificationTest]: no resource found for suffixes {-context.xml, Context.groovy}.
2023-11-14 21:39:30.708  INFO 18679 --- [           main] t.c.s.AnnotationConfigContextLoaderUtils : Could not detect default configuration classes for test class [com.example.libraryservice.PactVerificationTest]: PactVerificationTest does not declare any static, non-private, non-final, nested classes annotated with @Configuration.
2023-11-14 21:39:30.710  INFO 18679 --- [           main] .b.t.c.SpringBootTestContextBootstrapper : Found @SpringBootConfiguration com.example.libraryservice.LibraryServiceApplication for test class com.example.libraryservice.PactVerificationTest
2023-11-14 21:39:30.713  INFO 18679 --- [           main] .b.t.c.SpringBootTestContextBootstrapper : Loaded default TestExecutionListener class names from location [META-INF/spring.factories]: [org.springframework.boot.test.mock.mockito.MockitoTestExecutionListener, org.springframework.boot.test.mock.mockito.ResetMocksTestExecutionListener, org.springframework.boot.test.autoconfigure.restdocs.RestDocsTestExecutionListener, org.springframework.boot.test.autoconfigure.web.client.MockRestServiceServerResetTestExecutionListener, org.springframework.boot.test.autoconfigure.web.servlet.MockMvcPrintOnlyOnFailureTestExecutionListener, org.springframework.boot.test.autoconfigure.web.servlet.WebDriverTestExecutionListener, org.springframework.boot.test.autoconfigure.webservices.client.MockWebServiceServerTestExecutionListener, org.springframework.test.context.web.ServletTestExecutionListener, org.springframework.test.context.support.DirtiesContextBeforeModesTestExecutionListener, org.springframework.test.context.event.ApplicationEventsTestExecutionListener, org.springframework.test.context.support.DependencyInjectionTestExecutionListener, org.springframework.test.context.support.DirtiesContextTestExecutionListener, org.springframework.test.context.transaction.TransactionalTestExecutionListener, org.springframework.test.context.jdbc.SqlScriptsTestExecutionListener, org.springframework.test.context.event.EventPublishingTestExecutionListener]
2023-11-14 21:39:30.715  INFO 18679 --- [           main] .b.t.c.SpringBootTestContextBootstrapper : Using TestExecutionListeners: [org.springframework.test.context.web.ServletTestExecutionListener@70b037ac, org.springframework.test.context.support.DirtiesContextBeforeModesTestExecutionListener@1dbe592f, org.springframework.test.context.event.ApplicationEventsTestExecutionListener@4e09c3b0, org.springframework.boot.test.mock.mockito.MockitoTestExecutionListener@64f34c91, org.springframework.boot.test.autoconfigure.SpringBootDependencyInjectionTestExecutionListener@158f0af4, org.springframework.test.context.support.DirtiesContextTestExecutionListener@7a174e4b, org.springframework.test.context.transaction.TransactionalTestExecutionListener@7a8316fa, org.springframework.test.context.jdbc.SqlScriptsTestExecutionListener@46a5aff, org.springframework.test.context.event.EventPublishingTestExecutionListener@695f382c, org.springframework.boot.test.mock.mockito.ResetMocksTestExecutionListener@29fa465a, org.springframework.boot.test.autoconfigure.restdocs.RestDocsTestExecutionListener@4b2ca159, org.springframework.boot.test.autoconfigure.web.client.MockRestServiceServerResetTestExecutionListener@1d47b761, org.springframework.boot.test.autoconfigure.web.servlet.MockMvcPrintOnlyOnFailureTestExecutionListener@d4962bd, org.springframework.boot.test.autoconfigure.web.servlet.WebDriverTestExecutionListener@76fa3dd8, org.springframework.boot.test.autoconfigure.webservices.client.MockWebServiceServerTestExecutionListener@58f27c37]
]]></system-out>
  </testcase>
</testsuite>